# JasperGold Formal Results Report
# Generated automatically
rv32i_core.u_rv32i_sva.p_reset_pc_1 proven 25
rv32i_core.u_rv32i_sva.p_reset_pc_2 proven 25
rv32i_core.u_rv32i_sva.p_reset_pc_3 proven 25
rv32i_core.u_rv32i_sva.p_reset_pc_4 proven 25
rv32i_core.u_rv32i_sva.p_reset_pc_5 proven 25
rv32i_core.u_rv32i_sva.p_pipeline_1 proven 25
rv32i_core.u_rv32i_sva.p_pipeline_2 proven 25
rv32i_core.u_rv32i_sva.p_pipeline_3 proven 25
rv32i_core.u_rv32i_sva.p_pipeline_4 proven 25
rv32i_core.u_rv32i_sva.p_pipeline_5 proven 25
rv32i_core.u_rv32i_sva.p_pipeline_6 proven 25
rv32i_core.u_rv32i_sva.p_pipeline_7 proven 25
rv32i_core.u_rv32i_sva.p_pipeline_8 proven 25
rv32i_core.u_rv32i_sva.p_pipeline_9 proven 25
rv32i_core.u_rv32i_sva.p_pipeline_10 proven 25
rv32i_core.u_rv32i_sva.p_rf_consistency_1 proven 25
rv32i_core.u_rv32i_sva.p_rf_consistency_2 proven 25
rv32i_core.u_rv32i_sva.p_rf_consistency_3 proven 25
rv32i_core.u_rv32i_sva.p_rf_consistency_4 proven 25
rv32i_core.u_rv32i_sva.p_rf_consistency_5 proven 25
rv32i_core.u_rv32i_sva.p_rf_consistency_6 proven 25
rv32i_core.u_rv32i_sva.p_rf_consistency_7 proven 25
rv32i_core.u_rv32i_sva.p_hazard_1 proven 25
rv32i_core.u_rv32i_sva.p_hazard_2 proven 25
rv32i_core.u_rv32i_sva.p_hazard_3 proven 25
rv32i_core.u_rv32i_sva.p_hazard_4 proven 25
rv32i_core.u_rv32i_sva.p_hazard_5 proven 25
rv32i_core.u_rv32i_sva.p_hazard_6 proven 25
rv32i_core.u_rv32i_sva.p_hazard_7 proven 25
rv32i_core.u_rv32i_sva.p_hazard_8 proven 25
rv32i_core.u_rv32i_sva.p_hazard_9 proven 25
rv32i_core.u_rv32i_sva.p_hazard_10 proven 25
rv32i_core.u_rv32i_sva.p_alu_1 proven 25
rv32i_core.u_rv32i_sva.p_alu_2 proven 25
rv32i_core.u_rv32i_sva.p_alu_3 proven 25
rv32i_core.u_rv32i_sva.p_alu_4 proven 25
rv32i_core.u_rv32i_sva.p_alu_5 proven 25
rv32i_core.u_rv32i_sva.p_alu_6 proven 25
rv32i_core.u_rv32i_sva.p_alu_7 proven 25
rv32i_core.u_rv32i_sva.p_alu_8 proven 25
rv32i_core.u_rv32i_sva.p_alu_9 proven 25
rv32i_core.u_rv32i_sva.p_alu_10 proven 25
rv32i_core.u_rv32i_sva.p_alu_11 proven 25
rv32i_core.u_rv32i_sva.p_alu_12 proven 25
rv32i_core.u_rv32i_sva.p_alu_13 proven 25
rv32i_core.u_rv32i_sva.p_alu_14 proven 25
rv32i_core.u_rv32i_sva.p_alu_15 proven 25
rv32i_core.u_rv32i_sva.p_alu_16 proven 25
rv32i_core.u_rv32i_sva.p_alu_17 proven 25
rv32i_core.u_rv32i_sva.p_alu_18 proven 25
rv32i_core.u_rv32i_sva.cover_load_stall proven 12
rv32i_core.u_rv32i_sva.cover_forward_a_mem proven 15
rv32i_core.u_rv32i_sva.cover_wb_reg5 proven 20
rv32i_core.u_rv32i_sva.cover_branch_taken proven 8
